<?xml version="1.0" encoding="UTF-8"?>
<testng-results skipped="0" failed="1" total="1" passed="0">
  <reporter-output>
  </reporter-output>
  <suite name="Default suite" duration-ms="73" started-at="2017-08-05T01:46:07Z" finished-at="2017-08-05T01:46:07Z">
    <groups>
    </groups>
    <test name="Default test" duration-ms="73" started-at="2017-08-05T01:46:07Z" finished-at="2017-08-05T01:46:07Z">
      <class name="com.example.testframework.testng.MethodTest">
        <test-method status="PASS" signature="setUp()[pri:0, instance:com.example.testframework.testng.MethodTest@72d818d1]" name="setUp" is-config="true" duration-ms="21" started-at="2017-08-05T09:46:07Z" finished-at="2017-08-05T09:46:07Z">
          <reporter-output>
          </reporter-output>
        </test-method> <!-- setUp -->
        <test-method status="FAIL" signature="bookBag()[pri:0, instance:com.example.testframework.testng.MethodTest@72d818d1]" name="bookBag" duration-ms="18" started-at="2017-08-05T09:46:07Z" finished-at="2017-08-05T09:46:07Z">
          <exception class="java.lang.AssertionError">
            <message>
              <![CDATA[expected:<[com.example.testframework.domain.Book@4bbfb90a, com.example.testframework.domain.Book@7c29daf3]> but was:<[Lcom.example.testframework.domain.Book;@9660f4e>]]>
            </message>
            <full-stacktrace>
              <![CDATA[java.lang.AssertionError: expected:<[com.example.testframework.domain.Book@4bbfb90a, com.example.testframework.domain.Book@7c29daf3]> but was:<[Lcom.example.testframework.domain.Book;@9660f4e>
	at org.junit.Assert.fail(Assert.java:88)
	at org.junit.Assert.failNotEquals(Assert.java:834)
	at org.junit.Assert.assertEquals(Assert.java:118)
	at org.junit.Assert.assertEquals(Assert.java:144)
	at com.example.testframework.testng.MethodTest.bookBag(MethodTest.java:35)
	at sun.reflect.NativeMethodAccessorImpl.invoke0(Native Method)
	at sun.reflect.NativeMethodAccessorImpl.invoke(NativeMethodAccessorImpl.java:62)
	at sun.reflect.DelegatingMethodAccessorImpl.invoke(DelegatingMethodAccessorImpl.java:43)
	at java.lang.reflect.Method.invoke(Method.java:498)
	at org.testng.internal.MethodInvocationHelper.invokeMethod(MethodInvocationHelper.java:84)
	at org.testng.internal.Invoker.invokeMethod(Invoker.java:714)
	at org.testng.internal.Invoker.invokeTestMethod(Invoker.java:901)
	at org.testng.internal.Invoker.invokeTestMethods(Invoker.java:1231)
	at org.testng.internal.TestMethodWorker.invokeTestMethods(TestMethodWorker.java:127)
	at org.testng.internal.TestMethodWorker.run(TestMethodWorker.java:111)
	at org.testng.TestRunner.privateRun(TestRunner.java:767)
	at org.testng.TestRunner.run(TestRunner.java:617)
	at org.testng.SuiteRunner.runTest(SuiteRunner.java:348)
	at org.testng.SuiteRunner.runSequentially(SuiteRunner.java:343)
	at org.testng.SuiteRunner.privateRun(SuiteRunner.java:305)
	at org.testng.SuiteRunner.run(SuiteRunner.java:254)
	at org.testng.SuiteRunnerWorker.runSuite(SuiteRunnerWorker.java:52)
	at org.testng.SuiteRunnerWorker.run(SuiteRunnerWorker.java:86)
	at org.testng.TestNG.runSuitesSequentially(TestNG.java:1224)
	at org.testng.TestNG.runSuitesLocally(TestNG.java:1149)
	at org.testng.TestNG.run(TestNG.java:1057)
	at org.testng.remote.AbstractRemoteTestNG.run(AbstractRemoteTestNG.java:132)
	at org.testng.remote.RemoteTestNG.initAndRun(RemoteTestNG.java:230)
	at org.testng.remote.RemoteTestNG.main(RemoteTestNG.java:76)
]]>
            </full-stacktrace>
          </exception> <!-- java.lang.AssertionError -->
          <reporter-output>
          </reporter-output>
        </test-method> <!-- bookBag -->
        <test-method status="PASS" signature="tearDown()[pri:0, instance:com.example.testframework.testng.MethodTest@72d818d1]" name="tearDown" is-config="true" duration-ms="1" started-at="2017-08-05T09:46:07Z" finished-at="2017-08-05T09:46:07Z">
          <reporter-output>
          </reporter-output>
        </test-method> <!-- tearDown -->
      </class> <!-- com.example.testframework.testng.MethodTest -->
    </test> <!-- Default test -->
  </suite> <!-- Default suite -->
</testng-results>
